mode: set
github.com/startmt/test-golang/test/blockchain/repository.go:19.60,22.2 2 0
github.com/startmt/test-golang/test/blockchain/repository.go:24.65,26.2 1 0
github.com/startmt/test-golang/test/blockchain/repository.go:28.67,33.16 5 0
github.com/startmt/test-golang/test/blockchain/repository.go:36.2,38.20 2 0
github.com/startmt/test-golang/test/blockchain/repository.go:54.2,54.20 1 0
github.com/startmt/test-golang/test/blockchain/repository.go:33.16,35.3 1 0
github.com/startmt/test-golang/test/blockchain/repository.go:38.20,41.47 3 0
github.com/startmt/test-golang/test/blockchain/repository.go:44.3,45.17 2 0
github.com/startmt/test-golang/test/blockchain/repository.go:48.3,49.17 2 0
github.com/startmt/test-golang/test/blockchain/repository.go:52.3,52.33 1 0
github.com/startmt/test-golang/test/blockchain/repository.go:41.47,43.4 1 0
github.com/startmt/test-golang/test/blockchain/repository.go:45.17,47.4 1 0
github.com/startmt/test-golang/test/blockchain/repository.go:49.17,51.4 1 0
github.com/startmt/test-golang/test/blockchain/repository.go:57.92,58.57 1 0
github.com/startmt/test-golang/test/blockchain/repository.go:58.57,64.17 6 0
github.com/startmt/test-golang/test/blockchain/repository.go:67.3,67.20 1 0
github.com/startmt/test-golang/test/blockchain/repository.go:64.17,66.4 1 0
github.com/startmt/test-golang/test/blockchain/repository.go:71.91,72.57 1 0
github.com/startmt/test-golang/test/blockchain/repository.go:72.57,78.17 6 0
github.com/startmt/test-golang/test/blockchain/repository.go:81.3,81.20 1 0
github.com/startmt/test-golang/test/blockchain/repository.go:78.17,80.4 1 0
github.com/startmt/test-golang/test/blockchain/repository.go:85.78,90.2 4 0
github.com/startmt/test-golang/test/blockchain/route.go:7.56,13.2 5 0
github.com/startmt/test-golang/test/blockchain/search.go:3.97,4.55 1 1
github.com/startmt/test-golang/test/blockchain/search.go:4.55,5.32 1 1
github.com/startmt/test-golang/test/blockchain/search.go:10.3,10.37 1 1
github.com/startmt/test-golang/test/blockchain/search.go:5.32,6.17 1 1
github.com/startmt/test-golang/test/blockchain/search.go:6.17,8.5 1 1
github.com/startmt/test-golang/test/blockchain/search.go:14.63,15.42 1 1
github.com/startmt/test-golang/test/blockchain/search.go:15.42,17.3 1 1
github.com/startmt/test-golang/test/blockchain/search.go:20.62,21.42 1 1
github.com/startmt/test-golang/test/blockchain/search.go:21.42,23.3 1 1
github.com/startmt/test-golang/test/blockchain/service.go:10.41,16.2 4 1
github.com/startmt/test-golang/test/blockchain/service.go:18.46,30.2 2 1
github.com/startmt/test-golang/test/blockchain/service.go:32.75,34.2 1 0
github.com/startmt/test-golang/test/blockchain/service.go:36.55,37.31 1 1
github.com/startmt/test-golang/test/blockchain/service.go:48.2,48.13 1 1
github.com/startmt/test-golang/test/blockchain/service.go:37.31,44.42 3 1
github.com/startmt/test-golang/test/blockchain/service.go:44.42,46.4 1 1
github.com/startmt/test-golang/test/blockchain/service.go:51.68,53.2 1 0
github.com/startmt/test-golang/test/blockchain/service.go:55.111,56.57 1 0
github.com/startmt/test-golang/test/blockchain/service.go:56.57,58.3 1 0
github.com/startmt/test-golang/test/blockchain/controller.go:10.78,12.16 2 0
github.com/startmt/test-golang/test/blockchain/controller.go:15.2,15.23 1 0
github.com/startmt/test-golang/test/blockchain/controller.go:12.16,14.3 1 0
github.com/startmt/test-golang/test/blockchain/controller.go:18.79,20.16 2 0
github.com/startmt/test-golang/test/blockchain/controller.go:26.2,26.28 1 0
github.com/startmt/test-golang/test/blockchain/controller.go:20.16,21.36 1 0
github.com/startmt/test-golang/test/blockchain/controller.go:24.3,24.27 1 0
github.com/startmt/test-golang/test/blockchain/controller.go:21.36,23.4 1 0
github.com/startmt/test-golang/test/blockchain/controller.go:29.80,31.16 2 0
github.com/startmt/test-golang/test/blockchain/controller.go:35.2,36.16 2 0
github.com/startmt/test-golang/test/blockchain/controller.go:42.2,42.28 1 0
github.com/startmt/test-golang/test/blockchain/controller.go:31.16,33.3 1 0
github.com/startmt/test-golang/test/blockchain/controller.go:36.16,37.36 1 0
github.com/startmt/test-golang/test/blockchain/controller.go:40.3,40.27 1 0
github.com/startmt/test-golang/test/blockchain/controller.go:37.36,39.4 1 0
github.com/startmt/test-golang/test/blockchain/controller.go:45.73,47.59 2 0
github.com/startmt/test-golang/test/blockchain/controller.go:51.2,52.16 2 0
github.com/startmt/test-golang/test/blockchain/controller.go:56.2,60.21 2 0
github.com/startmt/test-golang/test/blockchain/controller.go:63.2,65.16 3 0
github.com/startmt/test-golang/test/blockchain/controller.go:69.2,69.26 1 0
github.com/startmt/test-golang/test/blockchain/controller.go:47.59,49.3 1 0
github.com/startmt/test-golang/test/blockchain/controller.go:52.16,54.3 1 0
github.com/startmt/test-golang/test/blockchain/controller.go:60.21,62.3 1 0
github.com/startmt/test-golang/test/blockchain/controller.go:65.16,67.3 1 0
github.com/startmt/test-golang/test/blockchain/controller.go:72.78,74.16 2 0
github.com/startmt/test-golang/test/blockchain/controller.go:77.2,81.25 3 0
github.com/startmt/test-golang/test/blockchain/controller.go:74.16,76.3 1 0
github.com/startmt/test-golang/test/blockchain/middleware.go:7.142,8.36 1 0
github.com/startmt/test-golang/test/blockchain/middleware.go:8.36,10.3 1 0
github.com/startmt/test-golang/test/blockchain/model.controller.go:7.57,9.2 1 0
